<?xml version="1.0" encoding="UTF-8"?>
<!-- Generated by org.testng.reporters.JUnitXMLReporter -->
<testsuite ignored="0" hostname="DESKTOP-IIFDENK" failures="0" tests="3" name="Default test" time="136.236" errors="0" timestamp="2021-06-17T23:30:11 CEST">
  <testcase classname="automationPracticeTests.MyWishlistsTests" name="addWishList" time="25.027"/>
  <testcase classname="automationPracticeTests.MyWishlistsTests" name="addMultipleWishList" time="8.328"/>
  <testcase classname="automationPracticeTests.MyWishlistsTests" name="removeWishList" time="11.354"/>
</testsuite> <!-- Default test -->
